
============================================================
更新 #1 - 2026-02-07 10:17:17
============================================================
STDOUT:

错误: write() argument must be str, not None

============================================================
更新 #1 - 2026-02-07 10:17:46
============================================================
STDOUT:
======================================================================
  🔄 更新数据 & 推送通知
======================================================================
✅ 看板数据已更新

📊 更新Excel...

📱 发送Telegram通知...
⚠️  Telegram配置文件不存在

✅ 全部完成！
======================================================================

STDERR:

返回码: 0

>>> 提交更新到 GitHub
推送结果: 0
